{"uuid":"2a6702f9-d354-4540-ad44-1a539ad74daf","historyId":"3bbc2f245ab86b16b710ed25eab4b1b1","fullName":"org.example.misc.CREATE.TC_CreateBooking.testCreateBooking","labels":[{"name":"package","value":"org.example.misc.CREATE.TC_CreateBooking"},{"name":"testClass","value":"org.example.misc.CREATE.TC_CreateBooking"},{"name":"testMethod","value":"testCreateBooking"},{"name":"parentSuite","value":"Default Suite"},{"name":"suite","value":"APIAutomationATB4x"},{"name":"subSuite","value":"org.example.misc.CREATE.TC_CreateBooking"},{"name":"host","value":"Rahul"},{"name":"thread","value":"7520@Rahul.main(1)"},{"name":"framework","value":"testng"},{"name":"language","value":"java"},{"name":"owner","value":"Rahul"},{"name":"severity","value":"critical"}],"links":[],"name":"testCreateBooking","status":"skipped","statusDetails":{"known":false,"muted":false,"flaky":false,"message":"java.lang.ExceptionInInitializerError","trace":"java.lang.ExceptionInInitializerError\r\n\tat org.example.base.BaseTest.setUp(BaseTest.java:40)\r\n\tat java.base/jdk.internal.reflect.DirectMethodHandleAccessor.invoke(DirectMethodHandleAccessor.java:104)\r\n\tat java.base/java.lang.reflect.Method.invoke(Method.java:578)\r\n\tat org.testng.internal.invokers.MethodInvocationHelper.invokeMethod(MethodInvocationHelper.java:139)\r\n\tat org.testng.internal.invokers.MethodInvocationHelper.invokeMethodConsideringTimeout(MethodInvocationHelper.java:69)\r\n\tat org.testng.internal.invokers.ConfigInvoker.invokeConfigurationMethod(ConfigInvoker.java:390)\r\n\tat org.testng.internal.invokers.ConfigInvoker.invokeConfigurations(ConfigInvoker.java:325)\r\n\tat org.testng.internal.invokers.TestInvoker.runConfigMethods(TestInvoker.java:810)\r\n\tat org.testng.internal.invokers.TestInvoker.invokeMethod(TestInvoker.java:577)\r\n\tat org.testng.internal.invokers.TestInvoker.invokeTestMethod(TestInvoker.java:227)\r\n\tat org.testng.internal.invokers.MethodRunner.runInSequence(MethodRunner.java:50)\r\n\tat org.testng.internal.invokers.TestInvoker$MethodInvocationAgent.invoke(TestInvoker.java:957)\r\n\tat org.testng.internal.invokers.TestInvoker.invokeTestMethods(TestInvoker.java:200)\r\n\tat org.testng.internal.invokers.TestMethodWorker.invokeTestMethods(TestMethodWorker.java:148)\r\n\tat org.testng.internal.invokers.TestMethodWorker.run(TestMethodWorker.java:128)\r\n\tat java.base/java.util.ArrayList.forEach(ArrayList.java:1511)\r\n\tat org.testng.TestRunner.privateRun(TestRunner.java:848)\r\n\tat org.testng.TestRunner.run(TestRunner.java:621)\r\n\tat org.testng.SuiteRunner.runTest(SuiteRunner.java:443)\r\n\tat org.testng.SuiteRunner.runSequentially(SuiteRunner.java:437)\r\n\tat org.testng.SuiteRunner.privateRun(SuiteRunner.java:397)\r\n\tat org.testng.SuiteRunner.run(SuiteRunner.java:336)\r\n\tat org.testng.SuiteRunnerWorker.runSuite(SuiteRunnerWorker.java:52)\r\n\tat org.testng.SuiteRunnerWorker.run(SuiteRunnerWorker.java:95)\r\n\tat org.testng.TestNG.runSuitesSequentially(TestNG.java:1280)\r\n\tat org.testng.TestNG.runSuitesLocally(TestNG.java:1200)\r\n\tat org.testng.TestNG.runSuites(TestNG.java:1114)\r\n\tat org.testng.TestNG.run(TestNG.java:1082)\r\n\tat com.intellij.rt.testng.IDEARemoteTestNG.run(IDEARemoteTestNG.java:66)\r\n\tat com.intellij.rt.testng.RemoteTestNGStarter.main(RemoteTestNGStarter.java:105)\r\nCaused by: java.lang.RuntimeException: java.io.FileNotFoundException: C:\\Users\\rahul\\IdeaProjects\\APIAutomationATB4xsrc\\main\\java\\org\\example\\resources\\TDFillo.xlsx (The system cannot find the path specified)\r\n\tat org.example.endpoints.APIConstants.<clinit>(APIConstants.java:30)\r\n\t... 30 more\r\nCaused by: java.io.FileNotFoundException: C:\\Users\\rahul\\IdeaProjects\\APIAutomationATB4xsrc\\main\\java\\org\\example\\resources\\TDFillo.xlsx (The system cannot find the path specified)\r\n\tat java.base/java.io.FileInputStream.open0(Native Method)\r\n\tat java.base/java.io.FileInputStream.open(FileInputStream.java:219)\r\n\tat java.base/java.io.FileInputStream.<init>(FileInputStream.java:158)\r\n\tat org.example.Utils.PropertyReaderUtil.readKey(PropertyReaderUtil.java:13)\r\n\tat org.example.endpoints.APIConstants.<clinit>(APIConstants.java:26)\r\n\t... 30 more\r\n"},"stage":"finished","description":"Verify that Create Booking works and ID is generated","steps":[],"attachments":[],"parameters":[],"start":1701495976627,"stop":1701495976631}